# JRE version: OpenJDK Runtime Environment Temurin-21.0.10+7 (21.0.10+7) (build 21.0.10+7-LTS)
# Java VM: OpenJDK 64-Bit Server VM Temurin-21.0.10+7 (21.0.10+7-LTS, mixed mode, sharing, tiered, compressed oops, compressed class ptrs, g1 gc, windows-amd64)
GC Precious Log:
 CardTable entry size: 512
 Card Set container configuration: InlinePtr #cards 4 size 8 Array Of Cards #cards 16 size 48 Howl #buckets 8 coarsen threshold 3686 Howl Bitmap #cards 512 size 80 coarsen threshold 460 Card regions per heap region 1 cards per card region 4096
 CPUs: 8 total, 8 available
 Memory: 16069M
 Large Page Support: Disabled
 NUMA Support: Disabled
 Compressed Oops: Enabled (Zero based)
 Heap Region Size: 2M
 Heap Min Capacity: 8M
 Heap Initial Capacity: 252M
 Heap Max Capacity: 3G
 Pre-touch: Disabled
 Parallel Workers: 8
 Concurrent Workers: 2
 Concurrent Refinement Workers: 8
 Periodic GC: Disabled
Heap:
 garbage-first heap   total 184320K, used 120934K [0x0000000740000000, 0x0000000800000000)
  region size 2048K, 12 young (24576K), 3 survivors (6144K)
 Metaspace       used 95467K, committed 97600K, reserved 1179648K
  class space    used 13478K, committed 14528K, reserved 1048576K
GC Heap History (20 events):
Event: 6.576 GC heap before
{Heap before GC invocations=15 (full 0):
 garbage-first heap   total 143360K, used 116834K [0x0000000740000000, 0x0000000800000000)
  region size 2048K, 26 young (53248K), 2 survivors (4096K)
 Metaspace       used 61364K, committed 63232K, reserved 1114112K
  class space    used 8749K, committed 9664K, reserved 1048576K
}
Event: 6.580 GC heap after
{Heap after GC invocations=16 (full 0):
 garbage-first heap   total 143360K, used 73770K [0x0000000740000000, 0x0000000800000000)
  region size 2048K, 4 young (8192K), 4 survivors (8192K)
 Metaspace       used 61364K, committed 63232K, reserved 1114112K
  class space    used 8749K, committed 9664K, reserved 1048576K
}
Event: 7.017 GC heap before
{Heap before GC invocations=16 (full 0):
 garbage-first heap   total 143360K, used 120874K [0x0000000740000000, 0x0000000800000000)
  region size 2048K, 27 young (55296K), 4 survivors (8192K)
 Metaspace       used 65277K, committed 67136K, reserved 1114112K
  class space    used 9247K, committed 10176K, reserved 1048576K
}
Event: 7.022 GC heap after
{Heap after GC invocations=17 (full 0):
 garbage-first heap   total 143360K, used 78095K [0x0000000740000000, 0x0000000800000000)
  region size 2048K, 2 young (4096K), 2 survivors (4096K)
 Metaspace       used 65277K, committed 67136K, reserved 1114112K
  class space    used 9247K, committed 10176K, reserved 1048576K
}
Event: 7.648 GC heap before
{Heap before GC invocations=18 (full 0):
 garbage-first heap   total 143360K, used 125199K [0x0000000740000000, 0x0000000800000000)
  region size 2048K, 24 young (49152K), 2 survivors (4096K)
 Metaspace       used 69948K, committed 71808K, reserved 1114112K
  class space    used 9905K, committed 10816K, reserved 1048576K
}
Event: 7.651 GC heap after
{Heap after GC invocations=19 (full 0):
 garbage-first heap   total 143360K, used 84286K [0x0000000740000000, 0x0000000800000000)
  region size 2048K, 3 young (6144K), 3 survivors (6144K)
 Metaspace       used 69948K, committed 71808K, reserved 1114112K
  class space    used 9905K, committed 10816K, reserved 1048576K
}
Event: 7.965 GC heap before
{Heap before GC invocations=19 (full 0):
 garbage-first heap   total 143360K, used 127294K [0x0000000740000000, 0x0000000800000000)
  region size 2048K, 24 young (49152K), 3 survivors (6144K)
 Metaspace       used 73067K, committed 75008K, reserved 1114112K
  class space    used 10325K, committed 11264K, reserved 1048576K
}
Event: 7.969 GC heap after
{Heap after GC invocations=20 (full 0):
 garbage-first heap   total 143360K, used 85962K [0x0000000740000000, 0x0000000800000000)
  region size 2048K, 3 young (6144K), 3 survivors (6144K)
 Metaspace       used 73067K, committed 75008K, reserved 1114112K
  class space    used 10325K, committed 11264K, reserved 1048576K
}
Event: 8.248 GC heap before
{Heap before GC invocations=20 (full 0):
 garbage-first heap   total 143360K, used 128970K [0x0000000740000000, 0x0000000800000000)
  region size 2048K, 24 young (49152K), 3 survivors (6144K)
 Metaspace       used 74298K, committed 76160K, reserved 1114112K
  class space    used 10480K, committed 11392K, reserved 1048576K
}
Event: 8.252 GC heap after
{Heap after GC invocations=21 (full 0):
 garbage-first heap   total 143360K, used 89436K [0x0000000740000000, 0x0000000800000000)
  region size 2048K, 3 young (6144K), 3 survivors (6144K)
 Metaspace       used 74298K, committed 76160K, reserved 1114112K
  class space    used 10480K, committed 11392K, reserved 1048576K
}
Event: 8.518 GC heap before
{Heap before GC invocations=22 (full 0):
 garbage-first heap   total 151552K, used 128348K [0x0000000740000000, 0x0000000800000000)
  region size 2048K, 23 young (47104K), 3 survivors (6144K)
 Metaspace       used 77259K, committed 79232K, reserved 1179648K
  class space    used 10895K, committed 11840K, reserved 1048576K
}
Event: 8.522 GC heap after
{Heap after GC invocations=23 (full 0):
 garbage-first heap   total 151552K, used 91824K [0x0000000740000000, 0x0000000800000000)
  region size 2048K, 2 young (4096K), 2 survivors (4096K)
 Metaspace       used 77259K, committed 79232K, reserved 1179648K
  class space    used 10895K, committed 11840K, reserved 1048576K
}
Event: 8.928 GC heap before
{Heap before GC invocations=23 (full 0):
 garbage-first heap   total 151552K, used 136880K [0x0000000740000000, 0x0000000800000000)
  region size 2048K, 24 young (49152K), 2 survivors (4096K)
 Metaspace       used 80342K, committed 82240K, reserved 1179648K
  class space    used 11484K, committed 12416K, reserved 1048576K
}
Event: 8.931 GC heap after
{Heap after GC invocations=24 (full 0):
 garbage-first heap   total 182272K, used 91164K [0x0000000740000000, 0x0000000800000000)
  region size 2048K, 2 young (4096K), 2 survivors (4096K)
 Metaspace       used 80342K, committed 82240K, reserved 1179648K
  class space    used 11484K, committed 12416K, reserved 1048576K
}
Event: 9.474 GC heap before
{Heap before GC invocations=24 (full 0):
 garbage-first heap   total 182272K, used 160796K [0x0000000740000000, 0x0000000800000000)
  region size 2048K, 37 young (75776K), 2 survivors (4096K)
 Metaspace       used 85116K, committed 87104K, reserved 1179648K
  class space    used 12133K, committed 13120K, reserved 1048576K
}
Event: 9.478 GC heap after
{Heap after GC invocations=25 (full 0):
 garbage-first heap   total 182272K, used 96160K [0x0000000740000000, 0x0000000800000000)
  region size 2048K, 4 young (8192K), 4 survivors (8192K)
 Metaspace       used 85116K, committed 87104K, reserved 1179648K
  class space    used 12133K, committed 13120K, reserved 1048576K
}
Event: 10.129 GC heap before
{Heap before GC invocations=26 (full 0):
 garbage-first heap   total 182272K, used 163744K [0x0000000740000000, 0x0000000800000000)
  region size 2048K, 38 young (77824K), 4 survivors (8192K)
 Metaspace       used 90024K, committed 92160K, reserved 1179648K
  class space    used 12712K, committed 13760K, reserved 1048576K
}
Event: 10.134 GC heap after
{Heap after GC invocations=27 (full 0):
 garbage-first heap   total 182272K, used 101134K [0x0000000740000000, 0x0000000800000000)
  region size 2048K, 5 young (10240K), 5 survivors (10240K)
 Metaspace       used 90024K, committed 92160K, reserved 1179648K
  class space    used 12712K, committed 13760K, reserved 1048576K
}
Event: 10.704 GC heap before
{Heap before GC invocations=27 (full 0):
 garbage-first heap   total 182272K, used 164622K [0x0000000740000000, 0x0000000800000000)
  region size 2048K, 36 young (73728K), 5 survivors (10240K)
 Metaspace       used 94169K, committed 96256K, reserved 1179648K
  class space    used 13294K, committed 14336K, reserved 1048576K
}
Event: 10.711 GC heap after
{Heap after GC invocations=28 (full 0):
 garbage-first heap   total 184320K, used 104550K [0x0000000740000000, 0x0000000800000000)
  region size 2048K, 3 young (6144K), 3 survivors (6144K)
 Metaspace       used 94169K, committed 96256K, reserved 1179648K
  class space    used 13294K, committed 14336K, reserved 1048576K
}

