# JRE version: OpenJDK Runtime Environment Temurin-21.0.10+7 (21.0.10+7) (build 21.0.10+7-LTS)
# Java VM: OpenJDK 64-Bit Server VM Temurin-21.0.10+7 (21.0.10+7-LTS, mixed mode, sharing, tiered, compressed oops, compressed class ptrs, g1 gc, windows-amd64)
GC Precious Log:
 CardTable entry size: 512
 Card Set container configuration: InlinePtr #cards 4 size 8 Array Of Cards #cards 16 size 48 Howl #buckets 8 coarsen threshold 3686 Howl Bitmap #cards 512 size 80 coarsen threshold 460 Card regions per heap region 1 cards per card region 4096
 CPUs: 8 total, 8 available
 Memory: 16069M
 Large Page Support: Disabled
 NUMA Support: Disabled
 Compressed Oops: Enabled (Zero based)
 Heap Region Size: 2M
 Heap Min Capacity: 8M
 Heap Initial Capacity: 252M
 Heap Max Capacity: 3G
 Pre-touch: Disabled
 Parallel Workers: 8
 Concurrent Workers: 2
 Concurrent Refinement Workers: 8
 Periodic GC: Disabled
Heap:
 garbage-first heap   total 280576K, used 213532K [0x0000000740000000, 0x0000000800000000)
  region size 2048K, 47 young (96256K), 3 survivors (6144K)
 Metaspace       used 105113K, committed 107392K, reserved 1179648K
  class space    used 14084K, committed 15232K, reserved 1048576K
GC Heap History (20 events):
Event: 46.338 GC heap before
{Heap before GC invocations=32 (full 0):
 garbage-first heap   total 202752K, used 179526K [0x0000000740000000, 0x0000000800000000)
  region size 2048K, 34 young (69632K), 5 survivors (10240K)
 Metaspace       used 102902K, committed 105088K, reserved 1179648K
  class space    used 14017K, committed 15104K, reserved 1048576K
}
Event: 46.386 GC heap after
{Heap after GC invocations=33 (full 0):
 garbage-first heap   total 202752K, used 129505K [0x0000000740000000, 0x0000000800000000)
  region size 2048K, 5 young (10240K), 5 survivors (10240K)
 Metaspace       used 102902K, committed 105088K, reserved 1179648K
  class space    used 14017K, committed 15104K, reserved 1048576K
}
Event: 47.770 GC heap before
{Heap before GC invocations=33 (full 0):
 garbage-first heap   total 202752K, used 182753K [0x0000000740000000, 0x0000000800000000)
  region size 2048K, 31 young (63488K), 5 survivors (10240K)
 Metaspace       used 103083K, committed 105280K, reserved 1179648K
  class space    used 14020K, committed 15104K, reserved 1048576K
}
Event: 47.800 GC heap after
{Heap after GC invocations=34 (full 0):
 garbage-first heap   total 204800K, used 135840K [0x0000000740000000, 0x0000000800000000)
  region size 2048K, 4 young (8192K), 4 survivors (8192K)
 Metaspace       used 103083K, committed 105280K, reserved 1179648K
  class space    used 14020K, committed 15104K, reserved 1048576K
}
Event: 49.099 GC heap before
{Heap before GC invocations=34 (full 0):
 garbage-first heap   total 204800K, used 182944K [0x0000000740000000, 0x0000000800000000)
  region size 2048K, 28 young (57344K), 4 survivors (8192K)
 Metaspace       used 103189K, committed 105408K, reserved 1179648K
  class space    used 14022K, committed 15104K, reserved 1048576K
}
Event: 49.123 GC heap after
{Heap after GC invocations=35 (full 0):
 garbage-first heap   total 204800K, used 143224K [0x0000000740000000, 0x0000000800000000)
  region size 2048K, 4 young (8192K), 4 survivors (8192K)
 Metaspace       used 103189K, committed 105408K, reserved 1179648K
  class space    used 14022K, committed 15104K, reserved 1048576K
}
Event: 50.490 GC heap before
{Heap before GC invocations=36 (full 0):
 garbage-first heap   total 233472K, used 178040K [0x0000000740000000, 0x0000000800000000)
  region size 2048K, 24 young (49152K), 4 survivors (8192K)
 Metaspace       used 103308K, committed 105472K, reserved 1179648K
  class space    used 14025K, committed 15104K, reserved 1048576K
}
Event: 50.541 GC heap after
{Heap after GC invocations=37 (full 0):
 garbage-first heap   total 233472K, used 143634K [0x0000000740000000, 0x0000000800000000)
  region size 2048K, 3 young (6144K), 3 survivors (6144K)
 Metaspace       used 103308K, committed 105472K, reserved 1179648K
  class space    used 14025K, committed 15104K, reserved 1048576K
}
Event: 52.391 GC heap before
{Heap before GC invocations=37 (full 0):
 garbage-first heap   total 233472K, used 205074K [0x0000000740000000, 0x0000000800000000)
  region size 2048K, 33 young (67584K), 3 survivors (6144K)
 Metaspace       used 103485K, committed 105664K, reserved 1179648K
  class space    used 14032K, committed 15104K, reserved 1048576K
}
Event: 52.418 GC heap after
{Heap after GC invocations=38 (full 0):
 garbage-first heap   total 280576K, used 134315K [0x0000000740000000, 0x0000000800000000)
  region size 2048K, 3 young (6144K), 3 survivors (6144K)
 Metaspace       used 103485K, committed 105664K, reserved 1179648K
  class space    used 14032K, committed 15104K, reserved 1048576K
}
Event: 654.868 GC heap before
{Heap before GC invocations=38 (full 0):
 garbage-first heap   total 280576K, used 234667K [0x0000000740000000, 0x0000000800000000)
  region size 2048K, 52 young (106496K), 3 survivors (6144K)
 Metaspace       used 103860K, committed 105984K, reserved 1179648K
  class space    used 14037K, committed 15104K, reserved 1048576K
}
Event: 654.879 GC heap after
{Heap after GC invocations=39 (full 0):
 garbage-first heap   total 280576K, used 136730K [0x0000000740000000, 0x0000000800000000)
  region size 2048K, 4 young (8192K), 4 survivors (8192K)
 Metaspace       used 103860K, committed 105984K, reserved 1179648K
  class space    used 14037K, committed 15104K, reserved 1048576K
}
Event: 658.128 GC heap before
{Heap before GC invocations=39 (full 0):
 garbage-first heap   total 280576K, used 237082K [0x0000000740000000, 0x0000000800000000)
  region size 2048K, 54 young (110592K), 4 survivors (8192K)
 Metaspace       used 104192K, committed 106432K, reserved 1179648K
  class space    used 14050K, committed 15168K, reserved 1048576K
}
Event: 658.135 GC heap after
{Heap after GC invocations=40 (full 0):
 garbage-first heap   total 280576K, used 134575K [0x0000000740000000, 0x0000000800000000)
  region size 2048K, 3 young (6144K), 3 survivors (6144K)
 Metaspace       used 104192K, committed 106432K, reserved 1179648K
  class space    used 14050K, committed 15168K, reserved 1048576K
}
Event: 663.111 GC heap before
{Heap before GC invocations=40 (full 0):
 garbage-first heap   total 280576K, used 245167K [0x0000000740000000, 0x0000000800000000)
  region size 2048K, 57 young (116736K), 3 survivors (6144K)
 Metaspace       used 104484K, committed 106688K, reserved 1179648K
  class space    used 14063K, committed 15168K, reserved 1048576K
}
Event: 663.115 GC heap after
{Heap after GC invocations=41 (full 0):
 garbage-first heap   total 280576K, used 131907K [0x0000000740000000, 0x0000000800000000)
  region size 2048K, 1 young (2048K), 1 survivors (2048K)
 Metaspace       used 104484K, committed 106688K, reserved 1179648K
  class space    used 14063K, committed 15168K, reserved 1048576K
}
Event: 1382.661 GC heap before
{Heap before GC invocations=41 (full 0):
 garbage-first heap   total 280576K, used 250691K [0x0000000740000000, 0x0000000800000000)
  region size 2048K, 59 young (120832K), 1 survivors (2048K)
 Metaspace       used 104758K, committed 107008K, reserved 1179648K
  class space    used 14079K, committed 15168K, reserved 1048576K
}
Event: 1382.665 GC heap after
{Heap after GC invocations=42 (full 0):
 garbage-first heap   total 280576K, used 136821K [0x0000000740000000, 0x0000000800000000)
  region size 2048K, 4 young (8192K), 4 survivors (8192K)
 Metaspace       used 104758K, committed 107008K, reserved 1179648K
  class space    used 14079K, committed 15168K, reserved 1048576K
}
Event: 1412.892 GC heap before
{Heap before GC invocations=43 (full 0):
 garbage-first heap   total 280576K, used 241269K [0x0000000740000000, 0x0000000800000000)
  region size 2048K, 60 young (122880K), 4 survivors (8192K)
 Metaspace       used 104993K, committed 107264K, reserved 1179648K
  class space    used 14084K, committed 15232K, reserved 1048576K
}
Event: 1412.896 GC heap after
{Heap after GC invocations=44 (full 0):
 garbage-first heap   total 280576K, used 125468K [0x0000000740000000, 0x0000000800000000)
  region size 2048K, 3 young (6144K), 3 survivors (6144K)
 Metaspace       used 104993K, committed 107264K, reserved 1179648K
  class space    used 14084K, committed 15232K, reserved 1048576K
}

