# JRE version: OpenJDK Runtime Environment (21.0.9) (build 21.0.9+-14787801-b1163.94)
# Java VM: OpenJDK 64-Bit Server VM (21.0.9+-14787801-b1163.94, mixed mode, tiered, compressed oops, compressed class ptrs, g1 gc, windows-amd64)
GC Precious Log:
 CardTable entry size: 512
 Card Set container configuration: InlinePtr #cards 4 size 8 Array Of Cards #cards 16 size 48 Howl #buckets 8 coarsen threshold 3686 Howl Bitmap #cards 512 size 80 coarsen threshold 460 Card regions per heap region 1 cards per card region 4096
 CPUs: 8 total, 8 available
 Memory: 16069M
 Large Page Support: Disabled
 NUMA Support: Disabled
 Compressed Oops: Enabled (Zero based)
 Heap Region Size: 2M
 Heap Min Capacity: 8M
 Heap Initial Capacity: 252M
 Heap Max Capacity: 4018M
 Pre-touch: Disabled
 Parallel Workers: 8
 Concurrent Workers: 2
 Concurrent Refinement Workers: 8
 Periodic GC: Disabled
Heap:
 garbage-first heap   total 221184K, used 163353K [0x0000000704e00000, 0x0000000800000000)
  region size 2048K, 28 young (57344K), 4 survivors (8192K)
 Metaspace       used 64594K, committed 65344K, reserved 1114112K
  class space    used 7421K, committed 7808K, reserved 1048576K
GC Heap History (20 events):
Event: 2.665 GC heap before
{Heap before GC invocations=9 (full 0):
 garbage-first heap   total 49152K, used 32824K [0x0000000704e00000, 0x0000000800000000)
  region size 2048K, 4 young (8192K), 1 survivors (2048K)
 Metaspace       used 35506K, committed 35648K, reserved 1114112K
  class space    used 4495K, committed 4544K, reserved 1048576K
}
Event: 2.667 GC heap after
{Heap after GC invocations=10 (full 0):
 garbage-first heap   total 153600K, used 27396K [0x0000000704e00000, 0x0000000800000000)
  region size 2048K, 1 young (2048K), 1 survivors (2048K)
 Metaspace       used 35506K, committed 35648K, reserved 1114112K
  class space    used 4495K, committed 4544K, reserved 1048576K
}
Event: 3.949 GC heap before
{Heap before GC invocations=10 (full 0):
 garbage-first heap   total 153600K, used 109316K [0x0000000704e00000, 0x0000000800000000)
  region size 2048K, 41 young (83968K), 1 survivors (2048K)
 Metaspace       used 47537K, committed 48192K, reserved 1114112K
  class space    used 5817K, committed 6144K, reserved 1048576K
}
Event: 3.962 GC heap after
{Heap after GC invocations=11 (full 0):
 garbage-first heap   total 153600K, used 36639K [0x0000000704e00000, 0x0000000800000000)
  region size 2048K, 6 young (12288K), 6 survivors (12288K)
 Metaspace       used 47537K, committed 48192K, reserved 1114112K
  class space    used 5817K, committed 6144K, reserved 1048576K
}
Event: 5.076 GC heap before
{Heap before GC invocations=11 (full 0):
 garbage-first heap   total 153600K, used 114463K [0x0000000704e00000, 0x0000000800000000)
  region size 2048K, 43 young (88064K), 6 survivors (12288K)
 Metaspace       used 52473K, committed 53120K, reserved 1114112K
  class space    used 6351K, committed 6656K, reserved 1048576K
}
Event: 5.094 GC heap after
{Heap after GC invocations=12 (full 0):
 garbage-first heap   total 153600K, used 49566K [0x0000000704e00000, 0x0000000800000000)
  region size 2048K, 6 young (12288K), 6 survivors (12288K)
 Metaspace       used 52473K, committed 53120K, reserved 1114112K
  class space    used 6351K, committed 6656K, reserved 1048576K
}
Event: 5.644 GC heap before
{Heap before GC invocations=12 (full 0):
 garbage-first heap   total 153600K, used 121246K [0x0000000704e00000, 0x0000000800000000)
  region size 2048K, 40 young (81920K), 6 survivors (12288K)
 Metaspace       used 52663K, committed 53376K, reserved 1114112K
  class space    used 6351K, committed 6656K, reserved 1048576K
}
Event: 5.656 GC heap after
{Heap after GC invocations=13 (full 0):
 garbage-first heap   total 153600K, used 58981K [0x0000000704e00000, 0x0000000800000000)
  region size 2048K, 4 young (8192K), 4 survivors (8192K)
 Metaspace       used 52663K, committed 53376K, reserved 1114112K
  class space    used 6351K, committed 6656K, reserved 1048576K
}
Event: 5.919 GC heap before
{Heap before GC invocations=13 (full 0):
 garbage-first heap   total 153600K, used 126565K [0x0000000704e00000, 0x0000000800000000)
  region size 2048K, 37 young (75776K), 4 survivors (8192K)
 Metaspace       used 52669K, committed 53376K, reserved 1114112K
  class space    used 6351K, committed 6656K, reserved 1048576K
}
Event: 5.928 GC heap after
{Heap after GC invocations=14 (full 0):
 garbage-first heap   total 184320K, used 66152K [0x0000000704e00000, 0x0000000800000000)
  region size 2048K, 4 young (8192K), 4 survivors (8192K)
 Metaspace       used 52669K, committed 53376K, reserved 1114112K
  class space    used 6351K, committed 6656K, reserved 1048576K
}
Event: 6.237 GC heap before
{Heap before GC invocations=14 (full 0):
 garbage-first heap   total 184320K, used 150120K [0x0000000704e00000, 0x0000000800000000)
  region size 2048K, 45 young (92160K), 4 survivors (8192K)
 Metaspace       used 52795K, committed 53440K, reserved 1114112K
  class space    used 6368K, committed 6656K, reserved 1048576K
}
Event: 6.249 GC heap after
{Heap after GC invocations=15 (full 0):
 garbage-first heap   total 184320K, used 76487K [0x0000000704e00000, 0x0000000800000000)
  region size 2048K, 5 young (10240K), 5 survivors (10240K)
 Metaspace       used 52795K, committed 53440K, reserved 1114112K
  class space    used 6368K, committed 6656K, reserved 1048576K
}
Event: 7.158 GC heap before
{Heap before GC invocations=15 (full 0):
 garbage-first heap   total 184320K, used 119495K [0x0000000704e00000, 0x0000000800000000)
  region size 2048K, 27 young (55296K), 5 survivors (10240K)
 Metaspace       used 55625K, committed 56256K, reserved 1114112K
  class space    used 6642K, committed 6976K, reserved 1048576K
}
Event: 7.171 GC heap after
{Heap after GC invocations=16 (full 0):
 garbage-first heap   total 184320K, used 83987K [0x0000000704e00000, 0x0000000800000000)
  region size 2048K, 4 young (8192K), 4 survivors (8192K)
 Metaspace       used 55625K, committed 56256K, reserved 1114112K
  class space    used 6642K, committed 6976K, reserved 1048576K
}
Event: 8.778 GC heap before
{Heap before GC invocations=17 (full 0):
 garbage-first heap   total 184320K, used 157715K [0x0000000704e00000, 0x0000000800000000)
  region size 2048K, 39 young (79872K), 4 survivors (8192K)
 Metaspace       used 58005K, committed 58688K, reserved 1114112K
  class space    used 6875K, committed 7168K, reserved 1048576K
}
Event: 8.796 GC heap after
{Heap after GC invocations=18 (full 0):
 garbage-first heap   total 184320K, used 97953K [0x0000000704e00000, 0x0000000800000000)
  region size 2048K, 5 young (10240K), 5 survivors (10240K)
 Metaspace       used 58005K, committed 58688K, reserved 1114112K
  class space    used 6875K, committed 7168K, reserved 1048576K
}
Event: 10.017 GC heap before
{Heap before GC invocations=18 (full 0):
 garbage-first heap   total 184320K, used 159393K [0x0000000704e00000, 0x0000000800000000)
  region size 2048K, 35 young (71680K), 5 survivors (10240K)
 Metaspace       used 59888K, committed 60544K, reserved 1114112K
  class space    used 6995K, committed 7296K, reserved 1048576K
}
Event: 10.036 GC heap after
{Heap after GC invocations=19 (full 0):
 garbage-first heap   total 184320K, used 107710K [0x0000000704e00000, 0x0000000800000000)
  region size 2048K, 5 young (10240K), 5 survivors (10240K)
 Metaspace       used 59888K, committed 60544K, reserved 1114112K
  class space    used 6995K, committed 7296K, reserved 1048576K
}
Event: 10.903 GC heap before
{Heap before GC invocations=19 (full 0):
 garbage-first heap   total 184320K, used 160958K [0x0000000704e00000, 0x0000000800000000)
  region size 2048K, 31 young (63488K), 5 survivors (10240K)
 Metaspace       used 61889K, committed 62592K, reserved 1114112K
  class space    used 7150K, committed 7488K, reserved 1048576K
}
Event: 10.917 GC heap after
{Heap after GC invocations=20 (full 0):
 garbage-first heap   total 221184K, used 116249K [0x0000000704e00000, 0x0000000800000000)
  region size 2048K, 4 young (8192K), 4 survivors (8192K)
 Metaspace       used 61889K, committed 62592K, reserved 1114112K
  class space    used 7150K, committed 7488K, reserved 1048576K
}

