# JRE version: OpenJDK Runtime Environment Temurin-21.0.10+7 (21.0.10+7) (build 21.0.10+7-LTS)
# Java VM: OpenJDK 64-Bit Server VM Temurin-21.0.10+7 (21.0.10+7-LTS, mixed mode, sharing, tiered, compressed oops, compressed class ptrs, parallel gc, windows-amd64)
GC Precious Log:
 CardTable entry size: 512
 CPUs: 8 total, 8 available
 Memory: 16069M
 Large Page Support: Disabled
 NUMA Support: Disabled
 Compressed Oops: Enabled (32-bit)
 Alignments: Space 512K, Generation 512K, Heap 2M
 Heap Min Capacity: 100M
 Heap Initial Capacity: 100M
 Heap Max Capacity: 2G
 Pre-touch: Disabled
 Parallel Workers: 8
Heap:
 PSYoungGen      total 11264K, used 564K [0x00000000d5580000, 0x00000000d6180000, 0x0000000100000000)
  eden space 10752K, 2% used [0x00000000d5580000,0x00000000d55c5110,0x00000000d6000000)
  from space 512K, 56% used [0x00000000d6100000,0x00000000d6148000,0x00000000d6180000)
  to   space 512K, 0% used [0x00000000d6080000,0x00000000d6080000,0x00000000d6100000)
 ParOldGen       total 68608K, used 66553K [0x0000000080000000, 0x0000000084300000, 0x00000000d5580000)
  object space 68608K, 97% used [0x0000000080000000,0x00000000840fe6f0,0x0000000084300000)
 Metaspace       used 68002K, committed 69504K, reserved 1114112K
  class space    used 8453K, committed 9088K, reserved 1048576K
GC Heap History (20 events):
Event: 55.050 GC heap before
{Heap before GC invocations=78 (full 3):
 PSYoungGen      total 11264K, used 11233K [0x00000000d5580000, 0x00000000d6200000, 0x0000000100000000)
  eden space 10752K, 100% used [0x00000000d5580000,0x00000000d6000000,0x00000000d6000000)
  from space 512K, 94% used [0x00000000d6180000,0x00000000d61f8688,0x00000000d6200000)
  to   space 1024K, 0% used [0x00000000d6000000,0x00000000d6000000,0x00000000d6100000)
 ParOldGen       total 68608K, used 63864K [0x0000000080000000, 0x0000000084300000, 0x00000000d5580000)
  object space 68608K, 93% used [0x0000000080000000,0x0000000083e5e198,0x0000000084300000)
 Metaspace       used 66104K, committed 67584K, reserved 1114112K
  class space    used 8219K, committed 8832K, reserved 1048576K
}
Event: 55.051 GC heap after
{Heap after GC invocations=78 (full 3):
 PSYoungGen      total 11776K, used 625K [0x00000000d5580000, 0x00000000d6200000, 0x0000000100000000)
  eden space 10752K, 0% used [0x00000000d5580000,0x00000000d5580000,0x00000000d6000000)
  from space 1024K, 61% used [0x00000000d6000000,0x00000000d609c538,0x00000000d6100000)
  to   space 1024K, 0% used [0x00000000d6100000,0x00000000d6100000,0x00000000d6200000)
 ParOldGen       total 68608K, used 64283K [0x0000000080000000, 0x0000000084300000, 0x00000000d5580000)
  object space 68608K, 93% used [0x0000000080000000,0x0000000083ec6c58,0x0000000084300000)
 Metaspace       used 66104K, committed 67584K, reserved 1114112K
  class space    used 8219K, committed 8832K, reserved 1048576K
}
Event: 55.216 GC heap before
{Heap before GC invocations=79 (full 3):
 PSYoungGen      total 11776K, used 11377K [0x00000000d5580000, 0x00000000d6200000, 0x0000000100000000)
  eden space 10752K, 100% used [0x00000000d5580000,0x00000000d6000000,0x00000000d6000000)
  from space 1024K, 61% used [0x00000000d6000000,0x00000000d609c538,0x00000000d6100000)
  to   space 1024K, 0% used [0x00000000d6100000,0x00000000d6100000,0x00000000d6200000)
 ParOldGen       total 68608K, used 64283K [0x0000000080000000, 0x0000000084300000, 0x00000000d5580000)
  object space 68608K, 93% used [0x0000000080000000,0x0000000083ec6c58,0x0000000084300000)
 Metaspace       used 66104K, committed 67584K, reserved 1114112K
  class space    used 8219K, committed 8832K, reserved 1048576K
}
Event: 55.217 GC heap after
{Heap after GC invocations=79 (full 3):
 PSYoungGen      total 11264K, used 320K [0x00000000d5580000, 0x00000000d6180000, 0x0000000100000000)
  eden space 10752K, 0% used [0x00000000d5580000,0x00000000d5580000,0x00000000d6000000)
  from space 512K, 62% used [0x00000000d6100000,0x00000000d6150000,0x00000000d6180000)
  to   space 512K, 0% used [0x00000000d6080000,0x00000000d6080000,0x00000000d6100000)
 ParOldGen       total 68608K, used 64321K [0x0000000080000000, 0x0000000084300000, 0x00000000d5580000)
  object space 68608K, 93% used [0x0000000080000000,0x0000000083ed05b8,0x0000000084300000)
 Metaspace       used 66104K, committed 67584K, reserved 1114112K
  class space    used 8219K, committed 8832K, reserved 1048576K
}
Event: 55.452 GC heap before
{Heap before GC invocations=80 (full 3):
 PSYoungGen      total 11264K, used 11072K [0x00000000d5580000, 0x00000000d6180000, 0x0000000100000000)
  eden space 10752K, 100% used [0x00000000d5580000,0x00000000d6000000,0x00000000d6000000)
  from space 512K, 62% used [0x00000000d6100000,0x00000000d6150000,0x00000000d6180000)
  to   space 512K, 0% used [0x00000000d6080000,0x00000000d6080000,0x00000000d6100000)
 ParOldGen       total 68608K, used 64321K [0x0000000080000000, 0x0000000084300000, 0x00000000d5580000)
  object space 68608K, 93% used [0x0000000080000000,0x0000000083ed05b8,0x0000000084300000)
 Metaspace       used 66104K, committed 67584K, reserved 1114112K
  class space    used 8219K, committed 8832K, reserved 1048576K
}
Event: 55.453 GC heap after
{Heap after GC invocations=80 (full 3):
 PSYoungGen      total 11264K, used 486K [0x00000000d5580000, 0x00000000d6200000, 0x0000000100000000)
  eden space 10752K, 0% used [0x00000000d5580000,0x00000000d5580000,0x00000000d6000000)
  from space 512K, 95% used [0x00000000d6080000,0x00000000d60f9bb0,0x00000000d6100000)
  to   space 1024K, 0% used [0x00000000d6100000,0x00000000d6100000,0x00000000d6200000)
 ParOldGen       total 68608K, used 64729K [0x0000000080000000, 0x0000000084300000, 0x00000000d5580000)
  object space 68608K, 94% used [0x0000000080000000,0x0000000083f365d8,0x0000000084300000)
 Metaspace       used 66104K, committed 67584K, reserved 1114112K
  class space    used 8219K, committed 8832K, reserved 1048576K
}
Event: 55.590 GC heap before
{Heap before GC invocations=81 (full 3):
 PSYoungGen      total 11264K, used 11238K [0x00000000d5580000, 0x00000000d6200000, 0x0000000100000000)
  eden space 10752K, 100% used [0x00000000d5580000,0x00000000d6000000,0x00000000d6000000)
  from space 512K, 95% used [0x00000000d6080000,0x00000000d60f9bb0,0x00000000d6100000)
  to   space 1024K, 0% used [0x00000000d6100000,0x00000000d6100000,0x00000000d6200000)
 ParOldGen       total 68608K, used 64730K [0x0000000080000000, 0x0000000084300000, 0x00000000d5580000)
  object space 68608K, 94% used [0x0000000080000000,0x0000000083f369d0,0x0000000084300000)
 Metaspace       used 66104K, committed 67584K, reserved 1114112K
  class space    used 8219K, committed 8832K, reserved 1048576K
}
Event: 55.591 GC heap after
{Heap after GC invocations=81 (full 3):
 PSYoungGen      total 11776K, used 389K [0x00000000d5580000, 0x00000000d6200000, 0x0000000100000000)
  eden space 10752K, 0% used [0x00000000d5580000,0x00000000d5580000,0x00000000d6000000)
  from space 1024K, 38% used [0x00000000d6100000,0x00000000d61614d8,0x00000000d6200000)
  to   space 1024K, 0% used [0x00000000d6000000,0x00000000d6000000,0x00000000d6100000)
 ParOldGen       total 68608K, used 64770K [0x0000000080000000, 0x0000000084300000, 0x00000000d5580000)
  object space 68608K, 94% used [0x0000000080000000,0x0000000083f409d0,0x0000000084300000)
 Metaspace       used 66104K, committed 67584K, reserved 1114112K
  class space    used 8219K, committed 8832K, reserved 1048576K
}
Event: 55.725 GC heap before
{Heap before GC invocations=82 (full 3):
 PSYoungGen      total 11776K, used 11141K [0x00000000d5580000, 0x00000000d6200000, 0x0000000100000000)
  eden space 10752K, 100% used [0x00000000d5580000,0x00000000d6000000,0x00000000d6000000)
  from space 1024K, 38% used [0x00000000d6100000,0x00000000d61614d8,0x00000000d6200000)
  to   space 1024K, 0% used [0x00000000d6000000,0x00000000d6000000,0x00000000d6100000)
 ParOldGen       total 68608K, used 64776K [0x0000000080000000, 0x0000000084300000, 0x00000000d5580000)
  object space 68608K, 94% used [0x0000000080000000,0x0000000083f42210,0x0000000084300000)
 Metaspace       used 66104K, committed 67584K, reserved 1114112K
  class space    used 8219K, committed 8832K, reserved 1048576K
}
Event: 55.726 GC heap after
{Heap after GC invocations=82 (full 3):
 PSYoungGen      total 11776K, used 933K [0x00000000d5580000, 0x00000000d6300000, 0x0000000100000000)
  eden space 10752K, 0% used [0x00000000d5580000,0x00000000d5580000,0x00000000d6000000)
  from space 1024K, 91% used [0x00000000d6000000,0x00000000d60e96c8,0x00000000d6100000)
  to   space 1536K, 0% used [0x00000000d6180000,0x00000000d6180000,0x00000000d6300000)
 ParOldGen       total 68608K, used 64882K [0x0000000080000000, 0x0000000084300000, 0x00000000d5580000)
  object space 68608K, 94% used [0x0000000080000000,0x0000000083f5ca88,0x0000000084300000)
 Metaspace       used 66104K, committed 67584K, reserved 1114112K
  class space    used 8219K, committed 8832K, reserved 1048576K
}
Event: 55.949 GC heap before
{Heap before GC invocations=83 (full 3):
 PSYoungGen      total 11776K, used 11685K [0x00000000d5580000, 0x00000000d6300000, 0x0000000100000000)
  eden space 10752K, 100% used [0x00000000d5580000,0x00000000d6000000,0x00000000d6000000)
  from space 1024K, 91% used [0x00000000d6000000,0x00000000d60e96c8,0x00000000d6100000)
  to   space 1536K, 0% used [0x00000000d6180000,0x00000000d6180000,0x00000000d6300000)
 ParOldGen       total 68608K, used 64882K [0x0000000080000000, 0x0000000084300000, 0x00000000d5580000)
  object space 68608K, 94% used [0x0000000080000000,0x0000000083f5ca88,0x0000000084300000)
 Metaspace       used 66108K, committed 67584K, reserved 1114112K
  class space    used 8219K, committed 8832K, reserved 1048576K
}
Event: 55.950 GC heap after
{Heap after GC invocations=83 (full 3):
 PSYoungGen      total 11264K, used 160K [0x00000000d5580000, 0x00000000d6200000, 0x0000000100000000)
  eden space 10752K, 0% used [0x00000000d5580000,0x00000000d5580000,0x00000000d6000000)
  from space 512K, 31% used [0x00000000d6180000,0x00000000d61a8000,0x00000000d6200000)
  to   space 512K, 0% used [0x00000000d6100000,0x00000000d6100000,0x00000000d6180000)
 ParOldGen       total 68608K, used 64914K [0x0000000080000000, 0x0000000084300000, 0x00000000d5580000)
  object space 68608K, 94% used [0x0000000080000000,0x0000000083f64a88,0x0000000084300000)
 Metaspace       used 66108K, committed 67584K, reserved 1114112K
  class space    used 8219K, committed 8832K, reserved 1048576K
}
Event: 57.822 GC heap before
{Heap before GC invocations=84 (full 3):
 PSYoungGen      total 11264K, used 10902K [0x00000000d5580000, 0x00000000d6200000, 0x0000000100000000)
  eden space 10752K, 99% used [0x00000000d5580000,0x00000000d5ffdba8,0x00000000d6000000)
  from space 512K, 31% used [0x00000000d6180000,0x00000000d61a8000,0x00000000d6200000)
  to   space 512K, 0% used [0x00000000d6100000,0x00000000d6100000,0x00000000d6180000)
 ParOldGen       total 68608K, used 64914K [0x0000000080000000, 0x0000000084300000, 0x00000000d5580000)
  object space 68608K, 94% used [0x0000000080000000,0x0000000083f64a88,0x0000000084300000)
 Metaspace       used 66490K, committed 67968K, reserved 1114112K
  class space    used 8279K, committed 8896K, reserved 1048576K
}
Event: 57.823 GC heap after
{Heap after GC invocations=84 (full 3):
 PSYoungGen      total 11264K, used 499K [0x00000000d5580000, 0x00000000d6300000, 0x0000000100000000)
  eden space 10752K, 0% used [0x00000000d5580000,0x00000000d5580000,0x00000000d6000000)
  from space 512K, 97% used [0x00000000d6100000,0x00000000d617cfa8,0x00000000d6180000)
  to   space 1536K, 0% used [0x00000000d6180000,0x00000000d6180000,0x00000000d6300000)
 ParOldGen       total 68608K, used 65537K [0x0000000080000000, 0x0000000084300000, 0x00000000d5580000)
  object space 68608K, 95% used [0x0000000080000000,0x0000000084000630,0x0000000084300000)
 Metaspace       used 66490K, committed 67968K, reserved 1114112K
  class space    used 8279K, committed 8896K, reserved 1048576K
}
Event: 58.018 GC heap before
{Heap before GC invocations=85 (full 3):
 PSYoungGen      total 11264K, used 11251K [0x00000000d5580000, 0x00000000d6300000, 0x0000000100000000)
  eden space 10752K, 100% used [0x00000000d5580000,0x00000000d6000000,0x00000000d6000000)
  from space 512K, 97% used [0x00000000d6100000,0x00000000d617cfa8,0x00000000d6180000)
  to   space 1536K, 0% used [0x00000000d6180000,0x00000000d6180000,0x00000000d6300000)
 ParOldGen       total 68608K, used 65537K [0x0000000080000000, 0x0000000084300000, 0x00000000d5580000)
  object space 68608K, 95% used [0x0000000080000000,0x0000000084000630,0x0000000084300000)
 Metaspace       used 66958K, committed 68416K, reserved 1114112K
  class space    used 8325K, committed 8960K, reserved 1048576K
}
Event: 58.020 GC heap after
{Heap after GC invocations=85 (full 3):
 PSYoungGen      total 11776K, used 704K [0x00000000d5580000, 0x00000000d6280000, 0x0000000100000000)
  eden space 10752K, 0% used [0x00000000d5580000,0x00000000d5580000,0x00000000d6000000)
  from space 1024K, 68% used [0x00000000d6180000,0x00000000d6230040,0x00000000d6280000)
  to   space 1024K, 0% used [0x00000000d6080000,0x00000000d6080000,0x00000000d6180000)
 ParOldGen       total 68608K, used 65857K [0x0000000080000000, 0x0000000084300000, 0x00000000d5580000)
  object space 68608K, 95% used [0x0000000080000000,0x0000000084050640,0x0000000084300000)
 Metaspace       used 66958K, committed 68416K, reserved 1114112K
  class space    used 8325K, committed 8960K, reserved 1048576K
}
Event: 118.876 GC heap before
{Heap before GC invocations=86 (full 3):
 PSYoungGen      total 11776K, used 11456K [0x00000000d5580000, 0x00000000d6280000, 0x0000000100000000)
  eden space 10752K, 100% used [0x00000000d5580000,0x00000000d6000000,0x00000000d6000000)
  from space 1024K, 68% used [0x00000000d6180000,0x00000000d6230040,0x00000000d6280000)
  to   space 1024K, 0% used [0x00000000d6080000,0x00000000d6080000,0x00000000d6180000)
 ParOldGen       total 68608K, used 65857K [0x0000000080000000, 0x0000000084300000, 0x00000000d5580000)
  object space 68608K, 95% used [0x0000000080000000,0x0000000084050640,0x0000000084300000)
 Metaspace       used 67688K, committed 69184K, reserved 1114112K
  class space    used 8425K, committed 9024K, reserved 1048576K
}
Event: 118.877 GC heap after
{Heap after GC invocations=86 (full 3):
 PSYoungGen      total 11264K, used 448K [0x00000000d5580000, 0x00000000d6200000, 0x0000000100000000)
  eden space 10752K, 0% used [0x00000000d5580000,0x00000000d5580000,0x00000000d6000000)
  from space 512K, 87% used [0x00000000d6080000,0x00000000d60f0000,0x00000000d6100000)
  to   space 1024K, 0% used [0x00000000d6100000,0x00000000d6100000,0x00000000d6200000)
 ParOldGen       total 68608K, used 66298K [0x0000000080000000, 0x0000000084300000, 0x00000000d5580000)
  object space 68608K, 96% used [0x0000000080000000,0x00000000840beb00,0x0000000084300000)
 Metaspace       used 67688K, committed 69184K, reserved 1114112K
  class space    used 8425K, committed 9024K, reserved 1048576K
}
Event: 400.690 GC heap before
{Heap before GC invocations=87 (full 3):
 PSYoungGen      total 11264K, used 11199K [0x00000000d5580000, 0x00000000d6200000, 0x0000000100000000)
  eden space 10752K, 99% used [0x00000000d5580000,0x00000000d5ffffd0,0x00000000d6000000)
  from space 512K, 87% used [0x00000000d6080000,0x00000000d60f0000,0x00000000d6100000)
  to   space 1024K, 0% used [0x00000000d6100000,0x00000000d6100000,0x00000000d6200000)
 ParOldGen       total 68608K, used 66298K [0x0000000080000000, 0x0000000084300000, 0x00000000d5580000)
  object space 68608K, 96% used [0x0000000080000000,0x00000000840beb00,0x0000000084300000)
 Metaspace       used 67973K, committed 69440K, reserved 1114112K
  class space    used 8453K, committed 9088K, reserved 1048576K
}
Event: 400.692 GC heap after
{Heap after GC invocations=87 (full 3):
 PSYoungGen      total 11264K, used 288K [0x00000000d5580000, 0x00000000d6180000, 0x0000000100000000)
  eden space 10752K, 0% used [0x00000000d5580000,0x00000000d5580000,0x00000000d6000000)
  from space 512K, 56% used [0x00000000d6100000,0x00000000d6148000,0x00000000d6180000)
  to   space 512K, 0% used [0x00000000d6080000,0x00000000d6080000,0x00000000d6100000)
 ParOldGen       total 68608K, used 66553K [0x0000000080000000, 0x0000000084300000, 0x00000000d5580000)
  object space 68608K, 97% used [0x0000000080000000,0x00000000840fe6f0,0x0000000084300000)
 Metaspace       used 67973K, committed 69440K, reserved 1114112K
  class space    used 8453K, committed 9088K, reserved 1048576K
}

