# JRE version: OpenJDK Runtime Environment Temurin-21.0.10+7 (21.0.10+7) (build 21.0.10+7-LTS)
# Java VM: OpenJDK 64-Bit Server VM Temurin-21.0.10+7 (21.0.10+7-LTS, mixed mode, sharing, tiered, compressed oops, compressed class ptrs, g1 gc, windows-amd64)
GC Precious Log:
 CardTable entry size: 512
 Card Set container configuration: InlinePtr #cards 4 size 8 Array Of Cards #cards 16 size 48 Howl #buckets 8 coarsen threshold 3686 Howl Bitmap #cards 512 size 80 coarsen threshold 460 Card regions per heap region 1 cards per card region 4096
 CPUs: 8 total, 8 available
 Memory: 16069M
 Large Page Support: Disabled
 NUMA Support: Disabled
 Compressed Oops: Enabled (Zero based)
 Heap Region Size: 2M
 Heap Min Capacity: 8M
 Heap Initial Capacity: 252M
 Heap Max Capacity: 3G
 Pre-touch: Disabled
 Parallel Workers: 8
 Concurrent Workers: 2
 Concurrent Refinement Workers: 8
 Periodic GC: Disabled
Heap:
 garbage-first heap   total 122880K, used 81773K [0x0000000740000000, 0x0000000800000000)
  region size 2048K, 14 young (28672K), 4 survivors (8192K)
 Metaspace       used 53257K, committed 54976K, reserved 1114112K
  class space    used 7693K, committed 8512K, reserved 1048576K
GC Heap History (20 events):
Event: 0.476 GC heap before
{Heap before GC invocations=0 (full 0):
 garbage-first heap   total 258048K, used 26624K [0x0000000740000000, 0x0000000800000000)
  region size 2048K, 11 young (22528K), 0 survivors (0K)
 Metaspace       used 2872K, committed 3008K, reserved 1114112K
  class space    used 354K, committed 384K, reserved 1048576K
}
Event: 0.479 GC heap after
{Heap after GC invocations=1 (full 0):
 garbage-first heap   total 258048K, used 10261K [0x0000000740000000, 0x0000000800000000)
  region size 2048K, 2 young (4096K), 2 survivors (4096K)
 Metaspace       used 2872K, committed 3008K, reserved 1114112K
  class space    used 354K, committed 384K, reserved 1048576K
}
Event: 0.962 GC heap before
{Heap before GC invocations=1 (full 0):
 garbage-first heap   total 258048K, used 38933K [0x0000000740000000, 0x0000000800000000)
  region size 2048K, 16 young (32768K), 2 survivors (4096K)
 Metaspace       used 4063K, committed 4288K, reserved 1114112K
  class space    used 511K, committed 640K, reserved 1048576K
}
Event: 0.964 GC heap after
{Heap after GC invocations=2 (full 0):
 garbage-first heap   total 258048K, used 11586K [0x0000000740000000, 0x0000000800000000)
  region size 2048K, 1 young (2048K), 1 survivors (2048K)
 Metaspace       used 4063K, committed 4288K, reserved 1114112K
  class space    used 511K, committed 640K, reserved 1048576K
}
Event: 2.946 GC heap before
{Heap before GC invocations=2 (full 0):
 garbage-first heap   total 258048K, used 122178K [0x0000000740000000, 0x0000000800000000)
  region size 2048K, 57 young (116736K), 1 survivors (2048K)
 Metaspace       used 20839K, committed 21504K, reserved 1114112K
  class space    used 3078K, committed 3392K, reserved 1048576K
}
Event: 2.956 GC heap after
{Heap after GC invocations=3 (full 0):
 garbage-first heap   total 258048K, used 23526K [0x0000000740000000, 0x0000000800000000)
  region size 2048K, 7 young (14336K), 7 survivors (14336K)
 Metaspace       used 20839K, committed 21504K, reserved 1114112K
  class space    used 3078K, committed 3392K, reserved 1048576K
}
Event: 4.220 GC heap before
{Heap before GC invocations=4 (full 0):
 garbage-first heap   total 90112K, used 84966K [0x0000000740000000, 0x0000000800000000)
  region size 2048K, 38 young (77824K), 7 survivors (14336K)
 Metaspace       used 29241K, committed 30464K, reserved 1114112K
  class space    used 4438K, committed 5056K, reserved 1048576K
}
Event: 4.227 GC heap after
{Heap after GC invocations=5 (full 0):
 garbage-first heap   total 106496K, used 26912K [0x0000000740000000, 0x0000000800000000)
  region size 2048K, 2 young (4096K), 2 survivors (4096K)
 Metaspace       used 29241K, committed 30464K, reserved 1114112K
  class space    used 4438K, committed 5056K, reserved 1048576K
}
Event: 4.808 GC heap before
{Heap before GC invocations=5 (full 0):
 garbage-first heap   total 106496K, used 80160K [0x0000000740000000, 0x0000000800000000)
  region size 2048K, 30 young (61440K), 2 survivors (4096K)
 Metaspace       used 34646K, committed 35968K, reserved 1114112K
  class space    used 5024K, committed 5696K, reserved 1048576K
}
Event: 4.814 GC heap after
{Heap after GC invocations=6 (full 0):
 garbage-first heap   total 106496K, used 31811K [0x0000000740000000, 0x0000000800000000)
  region size 2048K, 4 young (8192K), 4 survivors (8192K)
 Metaspace       used 34646K, committed 35968K, reserved 1114112K
  class space    used 5024K, committed 5696K, reserved 1048576K
}
Event: 4.860 GC heap before
{Heap before GC invocations=6 (full 0):
 garbage-first heap   total 106496K, used 33859K [0x0000000740000000, 0x0000000800000000)
  region size 2048K, 6 young (12288K), 4 survivors (8192K)
 Metaspace       used 34965K, committed 36288K, reserved 1114112K
  class space    used 5086K, committed 5760K, reserved 1048576K
}
Event: 4.865 GC heap after
{Heap after GC invocations=7 (full 0):
 garbage-first heap   total 106496K, used 31615K [0x0000000740000000, 0x0000000800000000)
  region size 2048K, 2 young (4096K), 2 survivors (4096K)
 Metaspace       used 34965K, committed 36288K, reserved 1114112K
  class space    used 5086K, committed 5760K, reserved 1048576K
}
Event: 6.192 GC heap before
{Heap before GC invocations=8 (full 0):
 garbage-first heap   total 106496K, used 91007K [0x0000000740000000, 0x0000000800000000)
  region size 2048K, 31 young (63488K), 2 survivors (4096K)
 Metaspace       used 41902K, committed 43392K, reserved 1114112K
  class space    used 6283K, committed 7040K, reserved 1048576K
}
Event: 6.195 GC heap after
{Heap after GC invocations=9 (full 0):
 garbage-first heap   total 106496K, used 35426K [0x0000000740000000, 0x0000000800000000)
  region size 2048K, 4 young (8192K), 4 survivors (8192K)
 Metaspace       used 41902K, committed 43392K, reserved 1114112K
  class space    used 6283K, committed 7040K, reserved 1048576K
}
Event: 8.573 GC heap before
{Heap before GC invocations=9 (full 0):
 garbage-first heap   total 106496K, used 88674K [0x0000000740000000, 0x0000000800000000)
  region size 2048K, 31 young (63488K), 4 survivors (8192K)
 Metaspace       used 48414K, committed 50048K, reserved 1114112K
  class space    used 7178K, committed 8000K, reserved 1048576K
}
Event: 8.580 GC heap after
{Heap after GC invocations=10 (full 0):
 garbage-first heap   total 106496K, used 36830K [0x0000000740000000, 0x0000000800000000)
  region size 2048K, 4 young (8192K), 4 survivors (8192K)
 Metaspace       used 48414K, committed 50048K, reserved 1114112K
  class space    used 7178K, committed 8000K, reserved 1048576K
}
Event: 10.596 GC heap before
{Heap before GC invocations=10 (full 0):
 garbage-first heap   total 106496K, used 90078K [0x0000000740000000, 0x0000000800000000)
  region size 2048K, 31 young (63488K), 4 survivors (8192K)
 Metaspace       used 49285K, committed 50944K, reserved 1114112K
  class space    used 7210K, committed 8064K, reserved 1048576K
}
Event: 10.604 GC heap after
{Heap after GC invocations=11 (full 0):
 garbage-first heap   total 106496K, used 42185K [0x0000000740000000, 0x0000000800000000)
  region size 2048K, 4 young (8192K), 4 survivors (8192K)
 Metaspace       used 49285K, committed 50944K, reserved 1114112K
  class space    used 7210K, committed 8064K, reserved 1048576K
}
Event: 11.783 GC heap before
{Heap before GC invocations=11 (full 0):
 garbage-first heap   total 106496K, used 99529K [0x0000000740000000, 0x0000000800000000)
  region size 2048K, 29 young (59392K), 4 survivors (8192K)
 Metaspace       used 51635K, committed 53376K, reserved 1114112K
  class space    used 7516K, committed 8384K, reserved 1048576K
}
Event: 11.793 GC heap after
{Heap after GC invocations=12 (full 0):
 garbage-first heap   total 122880K, used 63341K [0x0000000740000000, 0x0000000800000000)
  region size 2048K, 4 young (8192K), 4 survivors (8192K)
 Metaspace       used 51635K, committed 53376K, reserved 1114112K
  class space    used 7516K, committed 8384K, reserved 1048576K
}

