# JRE version: OpenJDK Runtime Environment Microsoft-13106358 (17.0.18+8) (build 17.0.18+8-LTS)
# Java VM: OpenJDK 64-Bit Server VM Microsoft-13106358 (17.0.18+8-LTS, mixed mode, sharing, tiered, compressed oops, compressed class ptrs, g1 gc, windows-amd64)
GC Precious Log:
 CPUs: 8 total, 8 available
 Memory: 16069M
 Large Page Support: Disabled
 NUMA Support: Disabled
 Compressed Oops: Enabled (Zero based)
 Heap Region Size: 2M
 Heap Min Capacity: 8M
 Heap Initial Capacity: 252M
 Heap Max Capacity: 4018M
 Pre-touch: Disabled
 Parallel Workers: 8
 Concurrent Workers: 2
 Concurrent Refinement Workers: 8
 Periodic GC: Disabled
Heap:
 garbage-first heap   total 243712K, used 155121K [0x0000000704e00000, 0x0000000800000000)
  region size 2048K, 32 young (65536K), 6 survivors (12288K)
 Metaspace       used 52803K, committed 53120K, reserved 1114112K
  class space    used 5885K, committed 6016K, reserved 1048576K
GC Heap History (20 events):
Event: 4.779 GC heap before
{Heap before GC invocations=9 (full 0):
 garbage-first heap   total 59392K, used 38620K [0x0000000704e00000, 0x0000000800000000)
  region size 2048K, 7 young (14336K), 1 survivors (2048K)
 Metaspace       used 26885K, committed 27072K, reserved 1114112K
  class space    used 3584K, committed 3648K, reserved 1048576K
}
Event: 4.786 GC heap after
{Heap after GC invocations=10 (full 0):
 garbage-first heap   total 59392K, used 26474K [0x0000000704e00000, 0x0000000800000000)
  region size 2048K, 1 young (2048K), 1 survivors (2048K)
 Metaspace       used 26885K, committed 27072K, reserved 1114112K
  class space    used 3584K, committed 3648K, reserved 1048576K
}
Event: 4.855 GC heap before
{Heap before GC invocations=10 (full 0):
 garbage-first heap   total 59392K, used 26474K [0x0000000704e00000, 0x0000000800000000)
  region size 2048K, 2 young (4096K), 1 survivors (2048K)
 Metaspace       used 27352K, committed 27520K, reserved 1114112K
  class space    used 3641K, committed 3712K, reserved 1048576K
}
Event: 4.862 GC heap after
{Heap after GC invocations=11 (full 0):
 garbage-first heap   total 159744K, used 26123K [0x0000000704e00000, 0x0000000800000000)
  region size 2048K, 1 young (2048K), 1 survivors (2048K)
 Metaspace       used 27352K, committed 27520K, reserved 1114112K
  class space    used 3641K, committed 3712K, reserved 1048576K
}
Event: 7.327 GC heap before
{Heap before GC invocations=11 (full 0):
 garbage-first heap   total 159744K, used 108043K [0x0000000704e00000, 0x0000000800000000)
  region size 2048K, 40 young (81920K), 1 survivors (2048K)
 Metaspace       used 39329K, committed 39616K, reserved 1114112K
  class space    used 4818K, committed 4928K, reserved 1048576K
}
Event: 7.347 GC heap after
{Heap after GC invocations=12 (full 0):
 garbage-first heap   total 159744K, used 39777K [0x0000000704e00000, 0x0000000800000000)
  region size 2048K, 5 young (10240K), 5 survivors (10240K)
 Metaspace       used 39329K, committed 39616K, reserved 1114112K
  class space    used 4818K, committed 4928K, reserved 1048576K
}
Event: 8.044 GC heap before
{Heap before GC invocations=12 (full 0):
 garbage-first heap   total 159744K, used 107361K [0x0000000704e00000, 0x0000000800000000)
  region size 2048K, 38 young (77824K), 5 survivors (10240K)
 Metaspace       used 39537K, committed 39808K, reserved 1114112K
  class space    used 4818K, committed 4928K, reserved 1048576K
}
Event: 8.062 GC heap after
{Heap after GC invocations=13 (full 0):
 garbage-first heap   total 159744K, used 46651K [0x0000000704e00000, 0x0000000800000000)
  region size 2048K, 4 young (8192K), 4 survivors (8192K)
 Metaspace       used 39537K, committed 39808K, reserved 1114112K
  class space    used 4818K, committed 4928K, reserved 1048576K
}
Event: 8.531 GC heap before
{Heap before GC invocations=13 (full 0):
 garbage-first heap   total 159744K, used 112187K [0x0000000704e00000, 0x0000000800000000)
  region size 2048K, 36 young (73728K), 4 survivors (8192K)
 Metaspace       used 39556K, committed 39808K, reserved 1114112K
  class space    used 4818K, committed 4928K, reserved 1048576K
}
Event: 8.550 GC heap after
{Heap after GC invocations=14 (full 0):
 garbage-first heap   total 159744K, used 54328K [0x0000000704e00000, 0x0000000800000000)
  region size 2048K, 4 young (8192K), 4 survivors (8192K)
 Metaspace       used 39556K, committed 39808K, reserved 1114112K
  class space    used 4818K, committed 4928K, reserved 1048576K
}
Event: 8.841 GC heap before
{Heap before GC invocations=14 (full 0):
 garbage-first heap   total 159744K, used 117816K [0x0000000704e00000, 0x0000000800000000)
  region size 2048K, 35 young (71680K), 4 survivors (8192K)
 Metaspace       used 39557K, committed 39808K, reserved 1114112K
  class space    used 4819K, committed 4928K, reserved 1048576K
}
Event: 8.855 GC heap after
{Heap after GC invocations=15 (full 0):
 garbage-first heap   total 159744K, used 61482K [0x0000000704e00000, 0x0000000800000000)
  region size 2048K, 4 young (8192K), 4 survivors (8192K)
 Metaspace       used 39557K, committed 39808K, reserved 1114112K
  class space    used 4819K, committed 4928K, reserved 1048576K
}
Event: 9.696 GC heap before
{Heap before GC invocations=15 (full 0):
 garbage-first heap   total 159744K, used 122922K [0x0000000704e00000, 0x0000000800000000)
  region size 2048K, 33 young (67584K), 4 survivors (8192K)
 Metaspace       used 41005K, committed 41216K, reserved 1114112K
  class space    used 4937K, committed 5056K, reserved 1048576K
}
Event: 9.715 GC heap after
{Heap after GC invocations=16 (full 0):
 garbage-first heap   total 243712K, used 70993K [0x0000000704e00000, 0x0000000800000000)
  region size 2048K, 4 young (8192K), 4 survivors (8192K)
 Metaspace       used 41005K, committed 41216K, reserved 1114112K
  class space    used 4937K, committed 5056K, reserved 1048576K
}
Event: 10.400 GC heap before
{Heap before GC invocations=16 (full 0):
 garbage-first heap   total 243712K, used 97617K [0x0000000704e00000, 0x0000000800000000)
  region size 2048K, 18 young (36864K), 4 survivors (8192K)
 Metaspace       used 43968K, committed 44160K, reserved 1114112K
  class space    used 5264K, committed 5376K, reserved 1048576K
}
Event: 10.410 GC heap after
{Heap after GC invocations=17 (full 0):
 garbage-first heap   total 243712K, used 74790K [0x0000000704e00000, 0x0000000800000000)
  region size 2048K, 6 young (12288K), 6 survivors (12288K)
 Metaspace       used 43968K, committed 44160K, reserved 1114112K
  class space    used 5264K, committed 5376K, reserved 1048576K
}
Event: 13.933 GC heap before
{Heap before GC invocations=18 (full 0):
 garbage-first heap   total 243712K, used 183334K [0x0000000704e00000, 0x0000000800000000)
  region size 2048K, 58 young (118784K), 6 survivors (12288K)
 Metaspace       used 46810K, committed 47040K, reserved 1114112K
  class space    used 5429K, committed 5568K, reserved 1048576K
}
Event: 13.965 GC heap after
{Heap after GC invocations=19 (full 0):
 garbage-first heap   total 243712K, used 92832K [0x0000000704e00000, 0x0000000800000000)
  region size 2048K, 8 young (16384K), 8 survivors (16384K)
 Metaspace       used 46810K, committed 47040K, reserved 1114112K
  class space    used 5429K, committed 5568K, reserved 1048576K
}
Event: 17.103 GC heap before
{Heap before GC invocations=20 (full 0):
 garbage-first heap   total 243712K, used 180896K [0x0000000704e00000, 0x0000000800000000)
  region size 2048K, 51 young (104448K), 8 survivors (16384K)
 Metaspace       used 51380K, committed 51712K, reserved 1114112K
  class space    used 5833K, committed 6016K, reserved 1048576K
}
Event: 17.137 GC heap after
{Heap after GC invocations=21 (full 0):
 garbage-first heap   total 243712K, used 103921K [0x0000000704e00000, 0x0000000800000000)
  region size 2048K, 6 young (12288K), 6 survivors (12288K)
 Metaspace       used 51380K, committed 51712K, reserved 1114112K
  class space    used 5833K, committed 6016K, reserved 1048576K
}

