# JRE version: OpenJDK Runtime Environment Temurin-21.0.10+7 (21.0.10+7) (build 21.0.10+7-LTS)
# Java VM: OpenJDK 64-Bit Server VM Temurin-21.0.10+7 (21.0.10+7-LTS, mixed mode, sharing, tiered, compressed oops, compressed class ptrs, g1 gc, windows-amd64)
GC Precious Log:
 CardTable entry size: 512
 Card Set container configuration: InlinePtr #cards 4 size 8 Array Of Cards #cards 16 size 48 Howl #buckets 8 coarsen threshold 3686 Howl Bitmap #cards 512 size 80 coarsen threshold 460 Card regions per heap region 1 cards per card region 4096
 CPUs: 8 total, 8 available
 Memory: 16069M
 Large Page Support: Disabled
 NUMA Support: Disabled
 Compressed Oops: Enabled (Zero based)
 Heap Region Size: 2M
 Heap Min Capacity: 8M
 Heap Initial Capacity: 252M
 Heap Max Capacity: 3G
 Pre-touch: Disabled
 Parallel Workers: 8
 Concurrent Workers: 2
 Concurrent Refinement Workers: 8
 Periodic GC: Disabled
Heap:
 garbage-first heap   total 143360K, used 110726K [0x0000000740000000, 0x0000000800000000)
  region size 2048K, 15 young (30720K), 2 survivors (4096K)
 Metaspace       used 73348K, committed 75200K, reserved 1114112K
  class space    used 10347K, committed 11264K, reserved 1048576K
GC Heap History (20 events):
Event: 6.759 GC heap before
{Heap before GC invocations=10 (full 0):
 garbage-first heap   total 100352K, used 85006K [0x0000000740000000, 0x0000000800000000)
  region size 2048K, 28 young (57344K), 4 survivors (8192K)
 Metaspace       used 49106K, committed 50816K, reserved 1114112K
  class space    used 7221K, committed 8064K, reserved 1048576K
}
Event: 6.766 GC heap after
{Heap after GC invocations=11 (full 0):
 garbage-first heap   total 100352K, used 42397K [0x0000000740000000, 0x0000000800000000)
  region size 2048K, 4 young (8192K), 4 survivors (8192K)
 Metaspace       used 49106K, committed 50816K, reserved 1114112K
  class space    used 7221K, committed 8064K, reserved 1048576K
}
Event: 7.391 GC heap before
{Heap before GC invocations=11 (full 0):
 garbage-first heap   total 100352K, used 91549K [0x0000000740000000, 0x0000000800000000)
  region size 2048K, 25 young (51200K), 4 survivors (8192K)
 Metaspace       used 50742K, committed 52416K, reserved 1114112K
  class space    used 7436K, committed 8256K, reserved 1048576K
}
Event: 7.398 GC heap after
{Heap after GC invocations=12 (full 0):
 garbage-first heap   total 116736K, used 65224K [0x0000000740000000, 0x0000000800000000)
  region size 2048K, 4 young (8192K), 4 survivors (8192K)
 Metaspace       used 50742K, committed 52416K, reserved 1114112K
  class space    used 7436K, committed 8256K, reserved 1048576K
}
Event: 7.858 GC heap before
{Heap before GC invocations=12 (full 0):
 garbage-first heap   total 116736K, used 97992K [0x0000000740000000, 0x0000000800000000)
  region size 2048K, 20 young (40960K), 4 survivors (8192K)
 Metaspace       used 53638K, committed 55424K, reserved 1114112K
  class space    used 7744K, committed 8640K, reserved 1048576K
}
Event: 7.861 GC heap after
{Heap after GC invocations=13 (full 0):
 garbage-first heap   total 116736K, used 66708K [0x0000000740000000, 0x0000000800000000)
  region size 2048K, 1 young (2048K), 1 survivors (2048K)
 Metaspace       used 53638K, committed 55424K, reserved 1114112K
  class space    used 7744K, committed 8640K, reserved 1048576K
}
Event: 8.578 GC heap before
{Heap before GC invocations=14 (full 0):
 garbage-first heap   total 116736K, used 97428K [0x0000000740000000, 0x0000000800000000)
  region size 2048K, 17 young (34816K), 1 survivors (2048K)
 Metaspace       used 56712K, committed 58432K, reserved 1114112K
  class space    used 8068K, committed 8896K, reserved 1048576K
}
Event: 8.581 GC heap after
{Heap after GC invocations=15 (full 0):
 garbage-first heap   total 116736K, used 67474K [0x0000000740000000, 0x0000000800000000)
  region size 2048K, 1 young (2048K), 1 survivors (2048K)
 Metaspace       used 56712K, committed 58432K, reserved 1114112K
  class space    used 8068K, committed 8896K, reserved 1048576K
}
Event: 9.069 GC heap before
{Heap before GC invocations=15 (full 0):
 garbage-first heap   total 116736K, used 100242K [0x0000000740000000, 0x0000000800000000)
  region size 2048K, 18 young (36864K), 1 survivors (2048K)
 Metaspace       used 59993K, committed 61888K, reserved 1114112K
  class space    used 8556K, committed 9472K, reserved 1048576K
}
Event: 9.073 GC heap after
{Heap after GC invocations=16 (full 0):
 garbage-first heap   total 116736K, used 73105K [0x0000000740000000, 0x0000000800000000)
  region size 2048K, 3 young (6144K), 3 survivors (6144K)
 Metaspace       used 59993K, committed 61888K, reserved 1114112K
  class space    used 8556K, committed 9472K, reserved 1048576K
}
Event: 9.472 GC heap before
{Heap before GC invocations=16 (full 0):
 garbage-first heap   total 116736K, used 101777K [0x0000000740000000, 0x0000000800000000)
  region size 2048K, 17 young (34816K), 3 survivors (6144K)
 Metaspace       used 61613K, committed 63488K, reserved 1114112K
  class space    used 8776K, committed 9664K, reserved 1048576K
}
Event: 9.475 GC heap after
{Heap after GC invocations=17 (full 0):
 garbage-first heap   total 116736K, used 74391K [0x0000000740000000, 0x0000000800000000)
  region size 2048K, 2 young (4096K), 2 survivors (4096K)
 Metaspace       used 61613K, committed 63488K, reserved 1114112K
  class space    used 8776K, committed 9664K, reserved 1048576K
}
Event: 9.825 GC heap before
{Heap before GC invocations=18 (full 0):
 garbage-first heap   total 131072K, used 101015K [0x0000000740000000, 0x0000000800000000)
  region size 2048K, 15 young (30720K), 2 survivors (4096K)
 Metaspace       used 63398K, committed 65344K, reserved 1114112K
  class space    used 9004K, committed 9984K, reserved 1048576K
}
Event: 9.827 GC heap after
{Heap after GC invocations=19 (full 0):
 garbage-first heap   total 131072K, used 76097K [0x0000000740000000, 0x0000000800000000)
  region size 2048K, 1 young (2048K), 1 survivors (2048K)
 Metaspace       used 63398K, committed 65344K, reserved 1114112K
  class space    used 9004K, committed 9984K, reserved 1048576K
}
Event: 10.461 GC heap before
{Heap before GC invocations=19 (full 0):
 garbage-first heap   total 131072K, used 119105K [0x0000000740000000, 0x0000000800000000)
  region size 2048K, 20 young (40960K), 1 survivors (2048K)
 Metaspace       used 66992K, committed 68864K, reserved 1114112K
  class space    used 9498K, committed 10432K, reserved 1048576K
}
Event: 10.464 GC heap after
{Heap after GC invocations=20 (full 0):
 garbage-first heap   total 131072K, used 82251K [0x0000000740000000, 0x0000000800000000)
  region size 2048K, 3 young (6144K), 3 survivors (6144K)
 Metaspace       used 66992K, committed 68864K, reserved 1114112K
  class space    used 9498K, committed 10432K, reserved 1048576K
}
Event: 10.887 GC heap before
{Heap before GC invocations=20 (full 0):
 garbage-first heap   total 131072K, used 112971K [0x0000000740000000, 0x0000000800000000)
  region size 2048K, 19 young (38912K), 3 survivors (6144K)
 Metaspace       used 70962K, committed 72832K, reserved 1114112K
  class space    used 10022K, committed 10944K, reserved 1048576K
}
Event: 10.891 GC heap after
{Heap after GC invocations=21 (full 0):
 garbage-first heap   total 131072K, used 84308K [0x0000000740000000, 0x0000000800000000)
  region size 2048K, 3 young (6144K), 3 survivors (6144K)
 Metaspace       used 70962K, committed 72832K, reserved 1114112K
  class space    used 10022K, committed 10944K, reserved 1048576K
}
Event: 11.431 GC heap before
{Heap before GC invocations=22 (full 0):
 garbage-first heap   total 143360K, used 119124K [0x0000000740000000, 0x0000000800000000)
  region size 2048K, 20 young (40960K), 3 survivors (6144K)
 Metaspace       used 73190K, committed 75072K, reserved 1114112K
  class space    used 10327K, committed 11264K, reserved 1048576K
}
Event: 11.435 GC heap after
{Heap after GC invocations=23 (full 0):
 garbage-first heap   total 143360K, used 86150K [0x0000000740000000, 0x0000000800000000)
  region size 2048K, 2 young (4096K), 2 survivors (4096K)
 Metaspace       used 73190K, committed 75072K, reserved 1114112K
  class space    used 10327K, committed 11264K, reserved 1048576K
}

