# JRE version: OpenJDK Runtime Environment Temurin-21.0.10+7 (21.0.10+7) (build 21.0.10+7-LTS)
# Java VM: OpenJDK 64-Bit Server VM Temurin-21.0.10+7 (21.0.10+7-LTS, mixed mode, sharing, tiered, compressed oops, compressed class ptrs, parallel gc, windows-amd64)
GC Precious Log:
 CardTable entry size: 512
 CPUs: 8 total, 8 available
 Memory: 16069M
 Large Page Support: Disabled
 NUMA Support: Disabled
 Compressed Oops: Enabled (32-bit)
 Alignments: Space 512K, Generation 512K, Heap 2M
 Heap Min Capacity: 100M
 Heap Initial Capacity: 100M
 Heap Max Capacity: 2G
 Pre-touch: Disabled
 Parallel Workers: 8
Heap:
 PSYoungGen      total 11776K, used 10856K [0x00000000d5580000, 0x00000000d6300000, 0x0000000100000000)
  eden space 10240K, 94% used [0x00000000d5580000,0x00000000d5efe1b0,0x00000000d5f80000)
  from space 1536K, 73% used [0x00000000d6180000,0x00000000d629c060,0x00000000d6300000)
  to   space 1536K, 0% used [0x00000000d6000000,0x00000000d6000000,0x00000000d6180000)
 ParOldGen       total 70656K, used 70358K [0x0000000080000000, 0x0000000084500000, 0x00000000d5580000)
  object space 70656K, 99% used [0x0000000080000000,0x00000000844b5850,0x0000000084500000)
 Metaspace       used 68204K, committed 69568K, reserved 1114112K
  class space    used 8465K, committed 9088K, reserved 1048576K
GC Heap History (20 events):
Event: 24.365 GC heap before
{Heap before GC invocations=88 (full 3):
 PSYoungGen      total 11776K, used 11483K [0x00000000d5580000, 0x00000000d6200000, 0x0000000100000000)
  eden space 11264K, 100% used [0x00000000d5580000,0x00000000d6080000,0x00000000d6080000)
  from space 512K, 42% used [0x00000000d6180000,0x00000000d61b6ef0,0x00000000d6200000)
  to   space 512K, 0% used [0x00000000d6100000,0x00000000d6100000,0x00000000d6180000)
 ParOldGen       total 68608K, used 66957K [0x0000000080000000, 0x0000000084300000, 0x00000000d5580000)
  object space 68608K, 97% used [0x0000000080000000,0x00000000841635c0,0x0000000084300000)
 Metaspace       used 65151K, committed 66624K, reserved 1114112K
  class space    used 8125K, committed 8768K, reserved 1048576K
}
Event: 24.366 GC heap after
{Heap after GC invocations=88 (full 3):
 PSYoungGen      total 11776K, used 256K [0x00000000d5580000, 0x00000000d6200000, 0x0000000100000000)
  eden space 11264K, 0% used [0x00000000d5580000,0x00000000d5580000,0x00000000d6080000)
  from space 512K, 50% used [0x00000000d6100000,0x00000000d6140000,0x00000000d6180000)
  to   space 512K, 0% used [0x00000000d6180000,0x00000000d6180000,0x00000000d6200000)
 ParOldGen       total 68608K, used 67013K [0x0000000080000000, 0x0000000084300000, 0x00000000d5580000)
  object space 68608K, 97% used [0x0000000080000000,0x00000000841715c0,0x0000000084300000)
 Metaspace       used 65151K, committed 66624K, reserved 1114112K
  class space    used 8125K, committed 8768K, reserved 1048576K
}
Event: 24.464 GC heap before
{Heap before GC invocations=89 (full 3):
 PSYoungGen      total 11776K, used 11520K [0x00000000d5580000, 0x00000000d6200000, 0x0000000100000000)
  eden space 11264K, 100% used [0x00000000d5580000,0x00000000d6080000,0x00000000d6080000)
  from space 512K, 50% used [0x00000000d6100000,0x00000000d6140000,0x00000000d6180000)
  to   space 512K, 0% used [0x00000000d6180000,0x00000000d6180000,0x00000000d6200000)
 ParOldGen       total 68608K, used 67013K [0x0000000080000000, 0x0000000084300000, 0x00000000d5580000)
  object space 68608K, 97% used [0x0000000080000000,0x00000000841715c0,0x0000000084300000)
 Metaspace       used 65151K, committed 66624K, reserved 1114112K
  class space    used 8125K, committed 8768K, reserved 1048576K
}
Event: 24.465 GC heap after
{Heap after GC invocations=89 (full 3):
 PSYoungGen      total 11776K, used 501K [0x00000000d5580000, 0x00000000d6280000, 0x0000000100000000)
  eden space 11264K, 0% used [0x00000000d5580000,0x00000000d5580000,0x00000000d6080000)
  from space 512K, 97% used [0x00000000d6180000,0x00000000d61fd480,0x00000000d6200000)
  to   space 1024K, 0% used [0x00000000d6080000,0x00000000d6080000,0x00000000d6180000)
 ParOldGen       total 68608K, used 67180K [0x0000000080000000, 0x0000000084300000, 0x00000000d5580000)
  object space 68608K, 97% used [0x0000000080000000,0x000000008419b2d0,0x0000000084300000)
 Metaspace       used 65151K, committed 66624K, reserved 1114112K
  class space    used 8125K, committed 8768K, reserved 1048576K
}
Event: 24.529 GC heap before
{Heap before GC invocations=90 (full 3):
 PSYoungGen      total 11776K, used 11765K [0x00000000d5580000, 0x00000000d6280000, 0x0000000100000000)
  eden space 11264K, 100% used [0x00000000d5580000,0x00000000d6080000,0x00000000d6080000)
  from space 512K, 97% used [0x00000000d6180000,0x00000000d61fd480,0x00000000d6200000)
  to   space 1024K, 0% used [0x00000000d6080000,0x00000000d6080000,0x00000000d6180000)
 ParOldGen       total 68608K, used 67180K [0x0000000080000000, 0x0000000084300000, 0x00000000d5580000)
  object space 68608K, 97% used [0x0000000080000000,0x000000008419b2d0,0x0000000084300000)
 Metaspace       used 65151K, committed 66624K, reserved 1114112K
  class space    used 8125K, committed 8768K, reserved 1048576K
}
Event: 24.530 GC heap after
{Heap after GC invocations=90 (full 3):
 PSYoungGen      total 12288K, used 492K [0x00000000d5580000, 0x00000000d6280000, 0x0000000100000000)
  eden space 11264K, 0% used [0x00000000d5580000,0x00000000d5580000,0x00000000d6080000)
  from space 1024K, 48% used [0x00000000d6080000,0x00000000d60fb170,0x00000000d6180000)
  to   space 1024K, 0% used [0x00000000d6180000,0x00000000d6180000,0x00000000d6280000)
 ParOldGen       total 68608K, used 67812K [0x0000000080000000, 0x0000000084300000, 0x00000000d5580000)
  object space 68608K, 98% used [0x0000000080000000,0x0000000084239148,0x0000000084300000)
 Metaspace       used 65151K, committed 66624K, reserved 1114112K
  class space    used 8125K, committed 8768K, reserved 1048576K
}
Event: 24.618 GC heap before
{Heap before GC invocations=91 (full 3):
 PSYoungGen      total 12288K, used 11756K [0x00000000d5580000, 0x00000000d6280000, 0x0000000100000000)
  eden space 11264K, 100% used [0x00000000d5580000,0x00000000d6080000,0x00000000d6080000)
  from space 1024K, 48% used [0x00000000d6080000,0x00000000d60fb170,0x00000000d6180000)
  to   space 1024K, 0% used [0x00000000d6180000,0x00000000d6180000,0x00000000d6280000)
 ParOldGen       total 68608K, used 67812K [0x0000000080000000, 0x0000000084300000, 0x00000000d5580000)
  object space 68608K, 98% used [0x0000000080000000,0x0000000084239148,0x0000000084300000)
 Metaspace       used 65151K, committed 66624K, reserved 1114112K
  class space    used 8125K, committed 8768K, reserved 1048576K
}
Event: 24.619 GC heap after
{Heap after GC invocations=91 (full 3):
 PSYoungGen      total 12288K, used 835K [0x00000000d5580000, 0x00000000d6280000, 0x0000000100000000)
  eden space 11264K, 0% used [0x00000000d5580000,0x00000000d5580000,0x00000000d6080000)
  from space 1024K, 81% used [0x00000000d6180000,0x00000000d6250f98,0x00000000d6280000)
  to   space 1024K, 0% used [0x00000000d6080000,0x00000000d6080000,0x00000000d6180000)
 ParOldGen       total 68608K, used 67860K [0x0000000080000000, 0x0000000084300000, 0x00000000d5580000)
  object space 68608K, 98% used [0x0000000080000000,0x0000000084245158,0x0000000084300000)
 Metaspace       used 65151K, committed 66624K, reserved 1114112K
  class space    used 8125K, committed 8768K, reserved 1048576K
}
Event: 24.663 GC heap before
{Heap before GC invocations=92 (full 3):
 PSYoungGen      total 12288K, used 12099K [0x00000000d5580000, 0x00000000d6280000, 0x0000000100000000)
  eden space 11264K, 100% used [0x00000000d5580000,0x00000000d6080000,0x00000000d6080000)
  from space 1024K, 81% used [0x00000000d6180000,0x00000000d6250f98,0x00000000d6280000)
  to   space 1024K, 0% used [0x00000000d6080000,0x00000000d6080000,0x00000000d6180000)
 ParOldGen       total 68608K, used 67860K [0x0000000080000000, 0x0000000084300000, 0x00000000d5580000)
  object space 68608K, 98% used [0x0000000080000000,0x0000000084245158,0x0000000084300000)
 Metaspace       used 65151K, committed 66624K, reserved 1114112K
  class space    used 8125K, committed 8768K, reserved 1048576K
}
Event: 24.664 GC heap after
{Heap after GC invocations=92 (full 3):
 PSYoungGen      total 12288K, used 428K [0x00000000d5580000, 0x00000000d6280000, 0x0000000100000000)
  eden space 11264K, 0% used [0x00000000d5580000,0x00000000d5580000,0x00000000d6080000)
  from space 1024K, 41% used [0x00000000d6080000,0x00000000d60eb170,0x00000000d6180000)
  to   space 1024K, 0% used [0x00000000d6180000,0x00000000d6180000,0x00000000d6280000)
 ParOldGen       total 69120K, used 68670K [0x0000000080000000, 0x0000000084380000, 0x00000000d5580000)
  object space 69120K, 99% used [0x0000000080000000,0x000000008430f998,0x0000000084380000)
 Metaspace       used 65151K, committed 66624K, reserved 1114112K
  class space    used 8125K, committed 8768K, reserved 1048576K
}
Event: 25.478 GC heap before
{Heap before GC invocations=93 (full 3):
 PSYoungGen      total 12288K, used 11675K [0x00000000d5580000, 0x00000000d6280000, 0x0000000100000000)
  eden space 11264K, 99% used [0x00000000d5580000,0x00000000d607bd30,0x00000000d6080000)
  from space 1024K, 41% used [0x00000000d6080000,0x00000000d60eb170,0x00000000d6180000)
  to   space 1024K, 0% used [0x00000000d6180000,0x00000000d6180000,0x00000000d6280000)
 ParOldGen       total 69120K, used 68670K [0x0000000080000000, 0x0000000084380000, 0x00000000d5580000)
  object space 69120K, 99% used [0x0000000080000000,0x000000008430f998,0x0000000084380000)
 Metaspace       used 65440K, committed 66880K, reserved 1114112K
  class space    used 8176K, committed 8832K, reserved 1048576K
}
Event: 25.479 GC heap after
{Heap after GC invocations=93 (full 3):
 PSYoungGen      total 12288K, used 633K [0x00000000d5580000, 0x00000000d6280000, 0x0000000100000000)
  eden space 11264K, 0% used [0x00000000d5580000,0x00000000d5580000,0x00000000d6080000)
  from space 1024K, 61% used [0x00000000d6180000,0x00000000d621e688,0x00000000d6280000)
  to   space 1024K, 0% used [0x00000000d6080000,0x00000000d6080000,0x00000000d6180000)
 ParOldGen       total 69120K, used 68734K [0x0000000080000000, 0x0000000084380000, 0x00000000d5580000)
  object space 69120K, 99% used [0x0000000080000000,0x000000008431f9a8,0x0000000084380000)
 Metaspace       used 65440K, committed 66880K, reserved 1114112K
  class space    used 8176K, committed 8832K, reserved 1048576K
}
Event: 26.063 GC heap before
{Heap before GC invocations=94 (full 3):
 PSYoungGen      total 12288K, used 11897K [0x00000000d5580000, 0x00000000d6280000, 0x0000000100000000)
  eden space 11264K, 100% used [0x00000000d5580000,0x00000000d6080000,0x00000000d6080000)
  from space 1024K, 61% used [0x00000000d6180000,0x00000000d621e688,0x00000000d6280000)
  to   space 1024K, 0% used [0x00000000d6080000,0x00000000d6080000,0x00000000d6180000)
 ParOldGen       total 69120K, used 68734K [0x0000000080000000, 0x0000000084380000, 0x00000000d5580000)
  object space 69120K, 99% used [0x0000000080000000,0x000000008431f9a8,0x0000000084380000)
 Metaspace       used 65594K, committed 67136K, reserved 1114112K
  class space    used 8199K, committed 8896K, reserved 1048576K
}
Event: 26.064 GC heap after
{Heap after GC invocations=94 (full 3):
 PSYoungGen      total 12288K, used 1023K [0x00000000d5580000, 0x00000000d6480000, 0x0000000100000000)
  eden space 11264K, 0% used [0x00000000d5580000,0x00000000d5580000,0x00000000d6080000)
  from space 1024K, 99% used [0x00000000d6080000,0x00000000d617ff88,0x00000000d6180000)
  to   space 2048K, 0% used [0x00000000d6280000,0x00000000d6280000,0x00000000d6480000)
 ParOldGen       total 69632K, used 69326K [0x0000000080000000, 0x0000000084400000, 0x00000000d5580000)
  object space 69632K, 99% used [0x0000000080000000,0x00000000843b39b8,0x0000000084400000)
 Metaspace       used 65594K, committed 67136K, reserved 1114112K
  class space    used 8199K, committed 8896K, reserved 1048576K
}
Event: 27.183 GC heap before
{Heap before GC invocations=95 (full 3):
 PSYoungGen      total 12288K, used 12287K [0x00000000d5580000, 0x00000000d6480000, 0x0000000100000000)
  eden space 11264K, 100% used [0x00000000d5580000,0x00000000d6080000,0x00000000d6080000)
  from space 1024K, 99% used [0x00000000d6080000,0x00000000d617ff88,0x00000000d6180000)
  to   space 2048K, 0% used [0x00000000d6280000,0x00000000d6280000,0x00000000d6480000)
 ParOldGen       total 69632K, used 69326K [0x0000000080000000, 0x0000000084400000, 0x00000000d5580000)
  object space 69632K, 99% used [0x0000000080000000,0x00000000843b39b8,0x0000000084400000)
 Metaspace       used 66074K, committed 67520K, reserved 1114112K
  class space    used 8235K, committed 8896K, reserved 1048576K
}
Event: 27.186 GC heap after
{Heap after GC invocations=95 (full 3):
 PSYoungGen      total 12288K, used 2032K [0x00000000d5580000, 0x00000000d6680000, 0x0000000100000000)
  eden space 10240K, 0% used [0x00000000d5580000,0x00000000d5580000,0x00000000d5f80000)
  from space 2048K, 99% used [0x00000000d6280000,0x00000000d647c3e0,0x00000000d6480000)
  to   space 3072K, 0% used [0x00000000d5f80000,0x00000000d5f80000,0x00000000d6280000)
 ParOldGen       total 70144K, used 69774K [0x0000000080000000, 0x0000000084480000, 0x00000000d5580000)
  object space 70144K, 99% used [0x0000000080000000,0x0000000084423940,0x0000000084480000)
 Metaspace       used 66074K, committed 67520K, reserved 1114112K
  class space    used 8235K, committed 8896K, reserved 1048576K
}
Event: 27.553 GC heap before
{Heap before GC invocations=96 (full 3):
 PSYoungGen      total 12288K, used 12272K [0x00000000d5580000, 0x00000000d6680000, 0x0000000100000000)
  eden space 10240K, 99% used [0x00000000d5580000,0x00000000d5f7fd40,0x00000000d5f80000)
  from space 2048K, 99% used [0x00000000d6280000,0x00000000d647c3e0,0x00000000d6480000)
  to   space 3072K, 0% used [0x00000000d5f80000,0x00000000d5f80000,0x00000000d6280000)
 ParOldGen       total 70144K, used 69774K [0x0000000080000000, 0x0000000084480000, 0x00000000d5580000)
  object space 70144K, 99% used [0x0000000080000000,0x0000000084423940,0x0000000084480000)
 Metaspace       used 66606K, committed 68032K, reserved 1114112K
  class space    used 8291K, committed 8960K, reserved 1048576K
}
Event: 27.554 GC heap after
{Heap after GC invocations=96 (full 3):
 PSYoungGen      total 10752K, used 346K [0x00000000d5580000, 0x00000000d6300000, 0x0000000100000000)
  eden space 10240K, 0% used [0x00000000d5580000,0x00000000d5580000,0x00000000d5f80000)
  from space 512K, 67% used [0x00000000d5f80000,0x00000000d5fd68d8,0x00000000d6000000)
  to   space 1536K, 0% used [0x00000000d6180000,0x00000000d6180000,0x00000000d6300000)
 ParOldGen       total 70144K, used 70119K [0x0000000080000000, 0x0000000084480000, 0x00000000d5580000)
  object space 70144K, 99% used [0x0000000080000000,0x0000000084479dd0,0x0000000084480000)
 Metaspace       used 66606K, committed 68032K, reserved 1114112K
  class space    used 8291K, committed 8960K, reserved 1048576K
}
Event: 32.688 GC heap before
{Heap before GC invocations=97 (full 3):
 PSYoungGen      total 10752K, used 10586K [0x00000000d5580000, 0x00000000d6300000, 0x0000000100000000)
  eden space 10240K, 100% used [0x00000000d5580000,0x00000000d5f80000,0x00000000d5f80000)
  from space 512K, 67% used [0x00000000d5f80000,0x00000000d5fd68d8,0x00000000d6000000)
  to   space 1536K, 0% used [0x00000000d6180000,0x00000000d6180000,0x00000000d6300000)
 ParOldGen       total 70144K, used 70119K [0x0000000080000000, 0x0000000084480000, 0x00000000d5580000)
  object space 70144K, 99% used [0x0000000080000000,0x0000000084479dd0,0x0000000084480000)
 Metaspace       used 67792K, committed 69248K, reserved 1114112K
  class space    used 8429K, committed 9088K, reserved 1048576K
}
Event: 32.689 GC heap after
{Heap after GC invocations=97 (full 3):
 PSYoungGen      total 11776K, used 1136K [0x00000000d5580000, 0x00000000d6300000, 0x0000000100000000)
  eden space 10240K, 0% used [0x00000000d5580000,0x00000000d5580000,0x00000000d5f80000)
  from space 1536K, 73% used [0x00000000d6180000,0x00000000d629c060,0x00000000d6300000)
  to   space 1536K, 0% used [0x00000000d6000000,0x00000000d6000000,0x00000000d6180000)
 ParOldGen       total 70656K, used 70358K [0x0000000080000000, 0x0000000084500000, 0x00000000d5580000)
  object space 70656K, 99% used [0x0000000080000000,0x00000000844b5850,0x0000000084500000)
 Metaspace       used 67792K, committed 69248K, reserved 1114112K
  class space    used 8429K, committed 9088K, reserved 1048576K
}

